<?xml version="1.0" encoding="UTF-8"?>
<!-- Generated by org.testng.reporters.JUnitXMLReporter -->
<testsuite ignored="0" hostname="DESKTOP-QQJINFP" failures="0" tests="3" name="Test" time="7.084" errors="0" timestamp="2024-01-24T19:58:54 ART">
  <testcase classname="tests.Modulo5bTest" name="iniciarSesion" time="2.606"/>
  <testcase classname="tests.Modulo5bTest" name="iniciarSesion" time="2.304"/>
  <testcase classname="tests.Modulo5bTest" name="iniciarSesion" time="2.106"/>
</testsuite> <!-- Test -->
